mode: set
recover/main.go:30.13,33.2 2 1
recover/main.go:36.32,45.2 5 1
recover/main.go:48.63,53.16 4 1
recover/main.go:57.2,58.16 2 1
recover/main.go:64.2,67.16 3 1
recover/main.go:74.2,76.14 2 1
recover/main.go:80.2,82.16 2 1
recover/main.go:87.2,103.18 5 1
recover/main.go:53.16,55.3 1 1
recover/main.go:58.16,62.3 3 1
recover/main.go:67.16,71.3 3 1
recover/main.go:76.14,78.3 1 1
recover/main.go:82.16,85.3 2 1
recover/main.go:107.61,108.54 1 1
recover/main.go:108.54,109.16 1 1
recover/main.go:123.3,123.22 1 1
recover/main.go:109.16,111.18 2 1
recover/main.go:111.18,115.13 3 1
recover/main.go:119.5,119.95 1 1
recover/main.go:115.13,117.6 1 1
recover/main.go:128.37,131.30 2 1
recover/main.go:156.2,156.34 1 1
recover/main.go:131.30,133.40 1 1
recover/main.go:136.3,137.27 2 1
recover/main.go:143.3,144.46 2 1
recover/main.go:151.3,154.141 4 1
recover/main.go:133.40,134.12 1 1
recover/main.go:137.27,138.17 1 1
recover/main.go:138.17,140.10 2 1
recover/main.go:144.46,146.38 1 1
recover/main.go:149.4,149.30 1 1
recover/main.go:146.38,147.10 1 1
recover/main.go:159.56,161.2 1 1
recover/main.go:163.61,166.2 2 1
recover/main.go:168.23,169.17 1 1
